Using pre-set license
Built from '2020.3/staging' branch; Version is '2020.3.11f1 (99c7afb366b3) revision 10078127'; Using compiler version '192528614'; Build Type 'Release'
OS: 'Windows 10 Pro; OS build 19042.1237; Version 2009; 64bit' Language: 'en' Physical Memory: 65222 MB
BatchMode: 1, IsHumanControllingUs: 0, StartBugReporterOnCrash: 0, Is64bit: 1, IsPro: 0

 COMMAND LINE ARGUMENTS:
C:\Program Files\Unity\Hub\Editor\2020.3.11f1\Editor\Unity.exe
-adb2
-batchMode
-noUpm
-name
AssetImportWorker0
-projectPath
C:/Users/Student7/Downloads/NUVRLaserTagGame-main (1)/NUVRLaserTagGame-main
-logFile
Logs/AssetImportWorker0.log
-srvPort
60974
Successfully changed project path to: C:/Users/Student7/Downloads/NUVRLaserTagGame-main (1)/NUVRLaserTagGame-main
C:/Users/Student7/Downloads/NUVRLaserTagGame-main (1)/NUVRLaserTagGame-main
Using Asset Import Pipeline V2.
Refreshing native plugins compatible for Editor in 49.96 ms, found 10 plugins.
Preloading 0 native plugins for Editor in 0.00 ms.
Initialize engine version: 2020.3.11f1 (99c7afb366b3)
[Subsystems] Discovering subsystems at path C:/Program Files/Unity/Hub/Editor/2020.3.11f1/Editor/Data/Resources/UnitySubsystems
[Subsystems] Discovering subsystems at path C:/Users/Student7/Downloads/NUVRLaserTagGame-main (1)/NUVRLaserTagGame-main/Assets
GfxDevice: creating device client; threaded=0
Direct3D:
    Version:  Direct3D 11.0 [level 11.1]
    Renderer: NVIDIA GeForce RTX 3080 (ID=0x2206)
    Vendor:   
    VRAM:     10077 MB
    Driver:   30.0.14.7212
Initialize mono
Mono path[0] = 'C:/Program Files/Unity/Hub/Editor/2020.3.11f1/Editor/Data/Managed'
Mono path[1] = 'C:/Program Files/Unity/Hub/Editor/2020.3.11f1/Editor/Data/MonoBleedingEdge/lib/mono/unityjit'
Mono config path = 'C:/Program Files/Unity/Hub/Editor/2020.3.11f1/Editor/Data/MonoBleedingEdge/etc'
Using monoOptions --debugger-agent=transport=dt_socket,embedding=1,server=y,suspend=n,address=127.0.0.1:56160
Begin MonoManager ReloadAssembly
Registering precompiled unity dll's ...
Register platform support module: C:/Program Files/Unity/Hub/Editor/2020.3.11f1/Editor/Data/PlaybackEngines/WindowsStandaloneSupport/UnityEditor.WindowsStandalone.Extensions.dll
Registered in 0.001376 seconds.
Native extension for WindowsStandalone target not found
Refreshing native plugins compatible for Editor in 44.42 ms, found 10 plugins.
Preloading 0 native plugins for Editor in 0.00 ms.
Mono: successfully reloaded assembly
- Completed reload, in  0.883 seconds
Platform modules already initialized, skipping
Registering precompiled user dll's ...
Registered in 0.005965 seconds.
Begin MonoManager ReloadAssembly
Native extension for WindowsStandalone target not found
Refreshing native plugins compatible for Editor in 40.63 ms, found 10 plugins.
Preloading 0 native plugins for Editor in 0.00 ms.
Mono: successfully reloaded assembly
- Completed reload, in  1.107 seconds
Platform modules already initialized, skipping
========================================================================
Worker process is ready to serve import requests
Launched and connected shader compiler UnityShaderCompiler.exe after 0.04 seconds
Refreshing native plugins compatible for Editor in 0.73 ms, found 10 plugins.
Preloading 0 native plugins for Editor in 0.00 ms.
Unloading 2121 Unused Serialized files (Serialized files now loaded: 0)
System memory in use before: 93.7 MB.
System memory in use after: 93.7 MB.

Unloading 38 unused Assets to reduce memory usage. Loaded Objects now: 2575.
Total: 3.209100 ms (FindLiveObjects: 0.275200 ms CreateObjectMapping: 0.066900 ms MarkObjects: 2.785500 ms  DeleteObjects: 0.079900 ms)

========================================================================
Received Import Request.
  path: Assets/Scenes
  artifactKey: Guid(29c7316780a67fe4cb008970c9d84466) Importer(815301076,1909f56bfc062723c751e8b465ee728b)
Start importing Assets/Scenes using Guid(29c7316780a67fe4cb008970c9d84466) Importer(815301076,1909f56bfc062723c751e8b465ee728b)  -> (artifact id: '3e0dc4945be577e678295d4a5521dfaf') in 0.012337 seconds
  Import took 0.015658 seconds .

========================================================================
Received Import Request.
  Time since last request: 0.000213 seconds.
  path: Assets/Scenes/SampleScene.unity
  artifactKey: Guid(9fc0d4010bbf28b4594072e72b8655ab) Importer(815301076,1909f56bfc062723c751e8b465ee728b)
Start importing Assets/Scenes/SampleScene.unity using Guid(9fc0d4010bbf28b4594072e72b8655ab) Importer(815301076,1909f56bfc062723c751e8b465ee728b)  -> (artifact id: 'd3dbd388bb14c61e6aaea27197a16bbd') in 0.017181 seconds
  Import took 0.020661 seconds .

========================================================================
Received Import Request.
  Time since last request: 18.122520 seconds.
  path: Assets/chickenglide.cs
  artifactKey: Guid(bd248327b9f7dcb4e888c5a0cca37489) Importer(815301076,1909f56bfc062723c751e8b465ee728b)
Start importing Assets/chickenglide.cs using Guid(bd248327b9f7dcb4e888c5a0cca37489) Importer(815301076,1909f56bfc062723c751e8b465ee728b)  -> (artifact id: 'cdf2f701514b73b3ba9cbdaf911fc647') in 0.018161 seconds
  Import took 0.021436 seconds .

========================================================================
Received Import Request.
  Time since last request: 2.051840 seconds.
  path: Assets/XR
  artifactKey: Guid(ad5f77fd304a2704b9ecf7218bb2d3fb) Importer(815301076,1909f56bfc062723c751e8b465ee728b)
Start importing Assets/XR using Guid(ad5f77fd304a2704b9ecf7218bb2d3fb) Importer(815301076,1909f56bfc062723c751e8b465ee728b)  -> (artifact id: 'f7e640ca21964c4299168ecec4278f95') in 0.005602 seconds
  Import took 0.008778 seconds .

========================================================================
Received Import Request.
  Time since last request: 4.498032 seconds.
  path: Assets/HandTorch
  artifactKey: Guid(5bdf8421b3bc0564d9bf1289c8ed2782) Importer(815301076,1909f56bfc062723c751e8b465ee728b)
Start importing Assets/HandTorch using Guid(5bdf8421b3bc0564d9bf1289c8ed2782) Importer(815301076,1909f56bfc062723c751e8b465ee728b)  -> (artifact id: '7193b07853728b8bce810dfc8c2c645b') in 0.006078 seconds
  Import took 0.009295 seconds .

========================================================================
Received Prepare
Registering precompiled user dll's ...
Registered in 0.006094 seconds.
Begin MonoManager ReloadAssembly
Native extension for WindowsStandalone target not found
Refreshing native plugins compatible for Editor in 0.75 ms, found 10 plugins.
Preloading 0 native plugins for Editor in 0.00 ms.
Mono: successfully reloaded assembly
- Completed reload, in  1.001 seconds
Platform modules already initialized, skipping
Refreshing native plugins compatible for Editor in 0.79 ms, found 10 plugins.
Preloading 0 native plugins for Editor in 0.00 ms.
Unloading 2089 Unused Serialized files (Serialized files now loaded: 0)
System memory in use before: 92.6 MB.
System memory in use after: 92.8 MB.

Unloading 31 unused Assets to reduce memory usage. Loaded Objects now: 2578.
Total: 3.213500 ms (FindLiveObjects: 0.269100 ms CreateObjectMapping: 0.119300 ms MarkObjects: 2.796400 ms  DeleteObjects: 0.027600 ms)

========================================================================
Received Import Request.
  Time since last request: 32.437142 seconds.
  path: Assets/AdventureForge
  artifactKey: Guid(d7a11be8d9381be458b0c2b0f48463b3) Importer(815301076,1909f56bfc062723c751e8b465ee728b)
Start importing Assets/AdventureForge using Guid(d7a11be8d9381be458b0c2b0f48463b3) Importer(815301076,1909f56bfc062723c751e8b465ee728b)  -> (artifact id: '805603e02e27d6a00e34cc9427f0b864') in 0.009448 seconds
  Import took 0.013338 seconds .

========================================================================
Received Import Request.
  Time since last request: 3.799840 seconds.
  path: Assets/SteamVR
  artifactKey: Guid(d5ae1f1f8c7348a4c9370da0bfa18136) Importer(815301076,1909f56bfc062723c751e8b465ee728b)
Start importing Assets/SteamVR using Guid(d5ae1f1f8c7348a4c9370da0bfa18136) Importer(815301076,1909f56bfc062723c751e8b465ee728b)  -> (artifact id: '3d522e28567a0245eae918eb568ba10c') in 0.005736 seconds
  Import took 0.009119 seconds .

========================================================================
Received Import Request.
  Time since last request: 0.061285 seconds.
  path: Assets/SteamVR/SteamVR.asmdef
  artifactKey: Guid(1fbf338ef6b952a448262a7ff7df5fe4) Importer(815301076,1909f56bfc062723c751e8b465ee728b)
Start importing Assets/SteamVR/SteamVR.asmdef using Guid(1fbf338ef6b952a448262a7ff7df5fe4) Importer(815301076,1909f56bfc062723c751e8b465ee728b)  -> (artifact id: 'a902fd0d949c0383781a691f4ed99334') in 0.003353 seconds
  Import took 0.006644 seconds .

========================================================================
Received Import Request.
  Time since last request: 2.384600 seconds.
  path: Assets/SteamVR/Simple Sample.unity
  artifactKey: Guid(55f0e497bac1408458ff9dcebe0b775a) Importer(815301076,1909f56bfc062723c751e8b465ee728b)
Start importing Assets/SteamVR/Simple Sample.unity using Guid(55f0e497bac1408458ff9dcebe0b775a) Importer(815301076,1909f56bfc062723c751e8b465ee728b)  -> (artifact id: '8735c1d0fa2d0807ace9f80a9a21a951') in 0.013078 seconds
  Import took 0.016521 seconds .

========================================================================
Received Prepare
Registering precompiled user dll's ...
Registered in 0.005699 seconds.
Begin MonoManager ReloadAssembly
Native extension for WindowsStandalone target not found
Refreshing native plugins compatible for Editor in 0.78 ms, found 10 plugins.
Preloading 0 native plugins for Editor in 0.00 ms.
Mono: successfully reloaded assembly
- Completed reload, in  0.901 seconds
Platform modules already initialized, skipping
Refreshing native plugins compatible for Editor in 0.74 ms, found 10 plugins.
Preloading 0 native plugins for Editor in 0.00 ms.
Unloading 2089 Unused Serialized files (Serialized files now loaded: 0)
System memory in use before: 92.7 MB.
System memory in use after: 92.8 MB.

Unloading 31 unused Assets to reduce memory usage. Loaded Objects now: 2581.
Total: 3.482600 ms (FindLiveObjects: 0.247600 ms CreateObjectMapping: 0.063100 ms MarkObjects: 3.142100 ms  DeleteObjects: 0.028500 ms)

========================================================================
Received Import Request.
  Time since last request: 25.220984 seconds.
  path: Assets/SteamVR/InteractionSystem
  artifactKey: Guid(c8941a9f98c35d84cb19a5e044467de9) Importer(815301076,1909f56bfc062723c751e8b465ee728b)
Start importing Assets/SteamVR/InteractionSystem using Guid(c8941a9f98c35d84cb19a5e044467de9) Importer(815301076,1909f56bfc062723c751e8b465ee728b)  -> (artifact id: 'a407e3b16a55bbb4b576fc22d20dbd56') in 0.009360 seconds
  Import took 0.013231 seconds .

========================================================================
Received Import Request.
  Time since last request: 10.725268 seconds.
  path: Assets/SteamVR/InteractionSystem/Samples/Interactions_Example.unity
  artifactKey: Guid(e3b77830391f10343929883b18f4d5ae) Importer(815301076,1909f56bfc062723c751e8b465ee728b)
Start importing Assets/SteamVR/InteractionSystem/Samples/Interactions_Example.unity using Guid(e3b77830391f10343929883b18f4d5ae) Importer(815301076,1909f56bfc062723c751e8b465ee728b)  -> (artifact id: 'f61bfd2d50e7671aeebdb1b9ffd39f64') in 0.013338 seconds
  Import took 0.016713 seconds .

========================================================================
Received Prepare
Registering precompiled user dll's ...
Registered in 0.005463 seconds.
Begin MonoManager ReloadAssembly
Native extension for WindowsStandalone target not found
Refreshing native plugins compatible for Editor in 0.75 ms, found 10 plugins.
Preloading 0 native plugins for Editor in 0.00 ms.
Mono: successfully reloaded assembly
- Completed reload, in  0.924 seconds
Platform modules already initialized, skipping
Refreshing native plugins compatible for Editor in 0.73 ms, found 10 plugins.
Preloading 0 native plugins for Editor in 0.00 ms.
Unloading 2089 Unused Serialized files (Serialized files now loaded: 0)
System memory in use before: 92.7 MB.
System memory in use after: 92.8 MB.

Unloading 31 unused Assets to reduce memory usage. Loaded Objects now: 2584.
Total: 2.995100 ms (FindLiveObjects: 0.251800 ms CreateObjectMapping: 0.080800 ms MarkObjects: 2.640900 ms  DeleteObjects: 0.020600 ms)

========================================================================
Received Import Request.
  Time since last request: 35.772596 seconds.
  path: Assets/SteamVR/Prefabs
  artifactKey: Guid(3e2543c4beea3eb4e9ea1e02a4bc2df2) Importer(815301076,1909f56bfc062723c751e8b465ee728b)
Start importing Assets/SteamVR/Prefabs using Guid(3e2543c4beea3eb4e9ea1e02a4bc2df2) Importer(815301076,1909f56bfc062723c751e8b465ee728b)  -> (artifact id: 'b7968398af6a644c68fe226dbfbdea41') in 0.009320 seconds
  Import took 0.013300 seconds .

========================================================================
Received Import Request.
  Time since last request: 7.237922 seconds.
  path: Assets/HandTorch/OldHandTorch
  artifactKey: Guid(22ea16b69757e4f409214706eb627866) Importer(815301076,1909f56bfc062723c751e8b465ee728b)
Start importing Assets/HandTorch/OldHandTorch using Guid(22ea16b69757e4f409214706eb627866) Importer(815301076,1909f56bfc062723c751e8b465ee728b)  -> (artifact id: 'c37444f418c04096967743ffaf28b76d') in 0.005527 seconds
  Import took 0.008709 seconds .

========================================================================
Received Import Request.
  Time since last request: 1.713016 seconds.
  path: Assets/HandTorch/OldHandTorch/Prefaps
  artifactKey: Guid(3c42a44b23632c6488ef8084add1e103) Importer(815301076,1909f56bfc062723c751e8b465ee728b)
Start importing Assets/HandTorch/OldHandTorch/Prefaps using Guid(3c42a44b23632c6488ef8084add1e103) Importer(815301076,1909f56bfc062723c751e8b465ee728b)  -> (artifact id: '34f1c051f6806809bc9f9fda8201222f') in 0.005385 seconds
  Import took 0.008543 seconds .

========================================================================
Received Prepare
Registering precompiled user dll's ...
Registered in 0.005346 seconds.
Begin MonoManager ReloadAssembly
Native extension for WindowsStandalone target not found
Refreshing native plugins compatible for Editor in 0.75 ms, found 10 plugins.
Preloading 0 native plugins for Editor in 0.00 ms.
Mono: successfully reloaded assembly
- Completed reload, in  0.890 seconds
Platform modules already initialized, skipping
Refreshing native plugins compatible for Editor in 0.74 ms, found 10 plugins.
Preloading 0 native plugins for Editor in 0.00 ms.
Unloading 2089 Unused Serialized files (Serialized files now loaded: 0)
System memory in use before: 92.7 MB.
System memory in use after: 92.9 MB.

Unloading 31 unused Assets to reduce memory usage. Loaded Objects now: 2587.
Total: 2.881600 ms (FindLiveObjects: 0.264100 ms CreateObjectMapping: 0.065400 ms MarkObjects: 2.527500 ms  DeleteObjects: 0.023700 ms)

========================================================================
Received Prepare
Registering precompiled user dll's ...
Registered in 0.006333 seconds.
Begin MonoManager ReloadAssembly
Native extension for WindowsStandalone target not found
Refreshing native plugins compatible for Editor in 0.73 ms, found 10 plugins.
Preloading 0 native plugins for Editor in 0.00 ms.
Mono: successfully reloaded assembly
- Completed reload, in  0.903 seconds
Platform modules already initialized, skipping
Refreshing native plugins compatible for Editor in 0.74 ms, found 10 plugins.
Preloading 0 native plugins for Editor in 0.00 ms.
Unloading 2089 Unused Serialized files (Serialized files now loaded: 0)
System memory in use before: 92.7 MB.
System memory in use after: 92.8 MB.

Unloading 31 unused Assets to reduce memory usage. Loaded Objects now: 2590.
Total: 2.917800 ms (FindLiveObjects: 0.278700 ms CreateObjectMapping: 0.105900 ms MarkObjects: 2.509600 ms  DeleteObjects: 0.022600 ms)

========================================================================
Received Prepare
Registering precompiled user dll's ...
Registered in 0.005213 seconds.
Begin MonoManager ReloadAssembly
Native extension for WindowsStandalone target not found
Refreshing native plugins compatible for Editor in 0.85 ms, found 10 plugins.
Preloading 0 native plugins for Editor in 0.00 ms.
Mono: successfully reloaded assembly
- Completed reload, in  0.910 seconds
Platform modules already initialized, skipping
Refreshing native plugins compatible for Editor in 0.76 ms, found 10 plugins.
Preloading 0 native plugins for Editor in 0.00 ms.
Unloading 2089 Unused Serialized files (Serialized files now loaded: 0)
System memory in use before: 92.8 MB.
System memory in use after: 92.9 MB.

Unloading 31 unused Assets to reduce memory usage. Loaded Objects now: 2593.
Total: 3.311000 ms (FindLiveObjects: 0.270500 ms CreateObjectMapping: 0.070500 ms MarkObjects: 2.941800 ms  DeleteObjects: 0.027200 ms)

========================================================================
Received Prepare
Registering precompiled user dll's ...
Registered in 0.005417 seconds.
Begin MonoManager ReloadAssembly
Native extension for WindowsStandalone target not found
Refreshing native plugins compatible for Editor in 0.75 ms, found 10 plugins.
Preloading 0 native plugins for Editor in 0.00 ms.
Mono: successfully reloaded assembly
- Completed reload, in  0.900 seconds
Platform modules already initialized, skipping
Refreshing native plugins compatible for Editor in 0.76 ms, found 10 plugins.
Preloading 0 native plugins for Editor in 0.00 ms.
Unloading 2089 Unused Serialized files (Serialized files now loaded: 0)
System memory in use before: 92.8 MB.
System memory in use after: 92.9 MB.

Unloading 31 unused Assets to reduce memory usage. Loaded Objects now: 2596.
Total: 3.349700 ms (FindLiveObjects: 0.255400 ms CreateObjectMapping: 0.057600 ms MarkObjects: 3.002600 ms  DeleteObjects: 0.033000 ms)

========================================================================
Received Prepare
Registering precompiled user dll's ...
Registered in 0.005392 seconds.
Begin MonoManager ReloadAssembly
Native extension for WindowsStandalone target not found
Refreshing native plugins compatible for Editor in 0.75 ms, found 10 plugins.
Preloading 0 native plugins for Editor in 0.00 ms.
Mono: successfully reloaded assembly
- Completed reload, in  0.925 seconds
Platform modules already initialized, skipping
Refreshing native plugins compatible for Editor in 0.76 ms, found 10 plugins.
Preloading 0 native plugins for Editor in 0.00 ms.
Unloading 2089 Unused Serialized files (Serialized files now loaded: 0)
System memory in use before: 92.8 MB.
System memory in use after: 92.9 MB.

Unloading 31 unused Assets to reduce memory usage. Loaded Objects now: 2599.
Total: 2.824900 ms (FindLiveObjects: 0.286700 ms CreateObjectMapping: 0.169200 ms MarkObjects: 2.344300 ms  DeleteObjects: 0.023800 ms)

AssetImportWorkerClient::OnTransportError - code=2 error=End of file
