Using pre-set license
Built from '2020.3/staging' branch; Version is '2020.3.18f1 (a7d1c678663c) revision 10998214'; Using compiler version '192528614'; Build Type 'Release'
OS: 'Windows 10 Enterprise; OS build 18363.1198; Version 1909; 64bit' Language: 'en' Physical Memory: 32466 MB
BatchMode: 1, IsHumanControllingUs: 0, StartBugReporterOnCrash: 0, Is64bit: 1, IsPro: 0

COMMAND LINE ARGUMENTS:
C:\Program Files\Unity\Hub\Editor\2020.3.18f1\Editor\Unity.exe
-adb2
-batchMode
-noUpm
-name
AssetImportWorker0
-projectPath
C:/Users/VRClub/Documents/GitHub/NUVRLaserTagGame
-logFile
Logs/AssetImportWorker0.log
-srvPort
52426
Successfully changed project path to: C:/Users/VRClub/Documents/GitHub/NUVRLaserTagGame
C:/Users/VRClub/Documents/GitHub/NUVRLaserTagGame
Using Asset Import Pipeline V2.
Refreshing native plugins compatible for Editor in 48.37 ms, found 5 plugins.
Preloading 0 native plugins for Editor in 0.00 ms.
Initialize engine version: 2020.3.18f1 (a7d1c678663c)
[Subsystems] Discovering subsystems at path C:/Program Files/Unity/Hub/Editor/2020.3.18f1/Editor/Data/Resources/UnitySubsystems
[Subsystems] Discovering subsystems at path C:/Users/VRClub/Documents/GitHub/NUVRLaserTagGame/Assets
GfxDevice: creating device client; threaded=0
Direct3D:
    Version:  Direct3D 11.0 [level 11.1]
    Renderer: NVIDIA GeForce RTX 2080 SUPER (ID=0x1e81)
    Vendor:   
    VRAM:     8010 MB
    Driver:   30.0.14.7212
Initialize mono
Mono path[0] = 'C:/Program Files/Unity/Hub/Editor/2020.3.18f1/Editor/Data/Managed'
Mono path[1] = 'C:/Program Files/Unity/Hub/Editor/2020.3.18f1/Editor/Data/MonoBleedingEdge/lib/mono/unityjit'
Mono config path = 'C:/Program Files/Unity/Hub/Editor/2020.3.18f1/Editor/Data/MonoBleedingEdge/etc'
Using monoOptions --debugger-agent=transport=dt_socket,embedding=1,server=y,suspend=n,address=127.0.0.1:56752
Begin MonoManager ReloadAssembly
Registering precompiled unity dll's ...
Register platform support module: C:/Program Files/Unity/Hub/Editor/2020.3.18f1/Editor/Data/PlaybackEngines/WebGLSupport/UnityEditor.WebGL.Extensions.dll
Register platform support module: C:/Program Files/Unity/Hub/Editor/2020.3.18f1/Editor/Data/PlaybackEngines/MacStandaloneSupport/UnityEditor.OSXStandalone.Extensions.dll
Register platform support module: C:/Program Files/Unity/Hub/Editor/2020.3.18f1/Editor/Data/PlaybackEngines/WindowsStandaloneSupport/UnityEditor.WindowsStandalone.Extensions.dll
Register platform support module: C:/Program Files/Unity/Hub/Editor/2020.3.18f1/Editor/Data/PlaybackEngines/LinuxStandaloneSupport/UnityEditor.LinuxStandalone.Extensions.dll
Register platform support module: C:/Program Files/Unity/Hub/Editor/2020.3.18f1/Editor/Data/PlaybackEngines/LuminSupport/UnityEditor.Lumin.Extensions.dll
Registered in 0.002854 seconds.
Native extension for Lumin target not found
Native extension for LinuxStandalone target not found
Native extension for WindowsStandalone target not found
Native extension for OSXStandalone target not found
Native extension for WebGL target not found
Refreshing native plugins compatible for Editor in 41.20 ms, found 5 plugins.
Preloading 0 native plugins for Editor in 0.00 ms.
Mono: successfully reloaded assembly
- Completed reload, in  1.745 seconds
Domain Reload Profiling:
	ReloadAssembly (1746ms)
		BeginReloadAssembly (48ms)
			ExecutionOrderSort (0ms)
			DisableScriptedObjects (0ms)
			BackupInstance (0ms)
			ReleaseScriptingObjects (0ms)
			CreateAndSetChildDomain (1ms)
		EndReloadAssembly (418ms)
			LoadAssemblies (47ms)
			RebuildTransferFunctionScriptingTraits (0ms)
			SetupTypeCache (156ms)
			ReleaseScriptCaches (0ms)
			RebuildScriptCaches (30ms)
			SetupLoadedEditorAssemblies (164ms)
				LogAssemblyErrors (0ms)
				InitializePlatformSupportModulesInManaged (7ms)
				SetLoadedEditorAssemblies (0ms)
				RefreshPlugins (41ms)
				BeforeProcessingInitializeOnLoad (16ms)
				ProcessInitializeOnLoadAttributes (74ms)
				ProcessInitializeOnLoadMethodAttributes (26ms)
				AfterProcessingInitializeOnLoad (0ms)
				EditorAssembliesLoaded (0ms)
			ExecutionOrderSort2 (0ms)
			AwakeInstancesAfterBackupRestoration (0ms)
Platform modules already initialized, skipping
Registering precompiled user dll's ...
Registered in 0.005547 seconds.
Begin MonoManager ReloadAssembly
Native extension for Lumin target not found
Native extension for LinuxStandalone target not found
Native extension for WindowsStandalone target not found
Native extension for OSXStandalone target not found
Native extension for WebGL target not found
Refreshing native plugins compatible for Editor in 40.08 ms, found 5 plugins.
Preloading 0 native plugins for Editor in 0.00 ms.
Mono: successfully reloaded assembly
- Completed reload, in  1.070 seconds
Domain Reload Profiling:
	ReloadAssembly (1071ms)
		BeginReloadAssembly (135ms)
			ExecutionOrderSort (0ms)
			DisableScriptedObjects (4ms)
			BackupInstance (0ms)
			ReleaseScriptingObjects (0ms)
			CreateAndSetChildDomain (23ms)
		EndReloadAssembly (879ms)
			LoadAssemblies (82ms)
			RebuildTransferFunctionScriptingTraits (0ms)
			SetupTypeCache (295ms)
			ReleaseScriptCaches (1ms)
			RebuildScriptCaches (46ms)
			SetupLoadedEditorAssemblies (332ms)
				LogAssemblyErrors (0ms)
				InitializePlatformSupportModulesInManaged (6ms)
				SetLoadedEditorAssemblies (0ms)
				RefreshPlugins (40ms)
				BeforeProcessingInitializeOnLoad (68ms)
				ProcessInitializeOnLoadAttributes (208ms)
				ProcessInitializeOnLoadMethodAttributes (4ms)
				AfterProcessingInitializeOnLoad (5ms)
				EditorAssembliesLoaded (0ms)
			ExecutionOrderSort2 (0ms)
			AwakeInstancesAfterBackupRestoration (6ms)
Platform modules already initialized, skipping
========================================================================
Worker process is ready to serve import requests
Launched and connected shader compiler UnityShaderCompiler.exe after 0.07 seconds
Refreshing native plugins compatible for Editor in 0.63 ms, found 5 plugins.
Preloading 0 native plugins for Editor in 0.00 ms.
Unloading 1867 Unused Serialized files (Serialized files now loaded: 0)
System memory in use before: 100.3 MB.
System memory in use after: 100.4 MB.

Unloading 23 unused Assets to reduce memory usage. Loaded Objects now: 2308.
Total: 3.621000 ms (FindLiveObjects: 0.258200 ms CreateObjectMapping: 0.057900 ms MarkObjects: 3.194300 ms  DeleteObjects: 0.109400 ms)

AssetImportParameters requested are different than current active one (requested -> active):
  custom:framework-win-MediaFoundation: 216162199b28c13a410421893ffa2e32 -> 
  custom:video-decoder-ogg-theora: a1e56fd34408186e4bbccfd4996cb3dc -> 
  custom:container-muxer-webm: aa71ff27fc2769a1b78a27578f13a17b -> 
  custom:container-demuxer-webm: 4f35f7cbe854078d1ac9338744f61a02 -> 
  custom:container-demuxer-ogg: 62fdf1f143b41e24485cea50d1cbac27 -> 
  custom:video-encoder-webm-vp8: eb34c28f22e8b96e1ab97ce403110664 -> 
  custom:video-decoder-webm-vp8: 9c59270c3fd7afecdb556c50c9e8de78 -> 
  custom:audio-decoder-ogg-vorbis: bf7c407c2cedff20999df2af8eb42d56 -> 
  custom:audio-encoder-webm-vorbis: bf7c407c2cedff20999df2af8eb42d56 -> 
========================================================================
Received Import Request.
  path: Assets/GinaIzerel_Dress.fbx
  artifactKey: Guid(a5936cc8d0fba8e42b43fb1bb82f838d) Importer(815301076,1909f56bfc062723c751e8b465ee728b)
Start importing Assets/GinaIzerel_Dress.fbx using Guid(a5936cc8d0fba8e42b43fb1bb82f838d) Importer(815301076,1909f56bfc062723c751e8b465ee728b)  -> (artifact id: 'b850b13de113ee71c31d769b9d89e35a') in 0.226641 seconds 
  Import took 0.230267 seconds .

========================================================================
Received Import Request.
  Time since last request: 0.000193 seconds.
  path: Assets/Embers.png
  artifactKey: Guid(26b80760df7b2914cb8486ed0891b389) Importer(815301076,1909f56bfc062723c751e8b465ee728b)
Start importing Assets/Embers.png using Guid(26b80760df7b2914cb8486ed0891b389) Importer(815301076,1909f56bfc062723c751e8b465ee728b)  -> (artifact id: 'fcb5f17d35af0618e2f347df09cca620') in 0.044565 seconds 
  Import took 0.047908 seconds .

========================================================================
Received Import Request.
  Time since last request: 0.000201 seconds.
  path: Assets/Untitled_6.fbx
  artifactKey: Guid(aba4f64ea2db01441b9019e73bde6b43) Importer(815301076,1909f56bfc062723c751e8b465ee728b)
Start importing Assets/Untitled_6.fbx using Guid(aba4f64ea2db01441b9019e73bde6b43) Importer(815301076,1909f56bfc062723c751e8b465ee728b)  -> (artifact id: 'a7867dd6d3cf15273b4c0429c78cf6f7') in 0.082632 seconds 
  Import took 0.086440 seconds .

========================================================================
Received Import Request.
  Time since last request: 262.815955 seconds.
  path: Assets/andre_1 1.fbx
  artifactKey: Guid(992965d709e2c6b46a592683a334d380) Importer(815301076,1909f56bfc062723c751e8b465ee728b)
Start importing Assets/andre_1 1.fbx using Guid(992965d709e2c6b46a592683a334d380) Importer(815301076,1909f56bfc062723c751e8b465ee728b)  -> (artifact id: 'ab96e82b7e856b20cd3f59231c0121f0') in 0.190624 seconds 
  Import took 0.194764 seconds .

========================================================================
Received Import Request.
  Time since last request: 30.900062 seconds.
  path: Assets/Kymal_TiltSketch 1.fbx
  artifactKey: Guid(adbd9fb73c8349c45b5d9438a0a98d87) Importer(815301076,1909f56bfc062723c751e8b465ee728b)
Start importing Assets/Kymal_TiltSketch 1.fbx using Guid(adbd9fb73c8349c45b5d9438a0a98d87) Importer(815301076,1909f56bfc062723c751e8b465ee728b)  -> (artifact id: '9045e5bf86c02795583f29d66e84bc82') in 0.332444 seconds 
  Import took 0.336202 seconds .

========================================================================
Received Import Request.
  Time since last request: 2.108228 seconds.
  path: Assets/Kymal_TiltSketch.fbx
  artifactKey: Guid(04a52289b700d4245a99c45fd8b2d928) Importer(815301076,1909f56bfc062723c751e8b465ee728b)
Start importing Assets/Kymal_TiltSketch.fbx using Guid(04a52289b700d4245a99c45fd8b2d928) Importer(815301076,1909f56bfc062723c751e8b465ee728b)  -> (artifact id: 'c93c4f4c97fbdfb0e17b71be69811b34') in 0.096754 seconds 
  Import took 0.100470 seconds .

========================================================================
Received Import Request.
  Time since last request: 594.800357 seconds.
  path: Assets/TiltBrush
  artifactKey: Guid(3397bba603e604112b9164be79f52ce0) Importer(815301076,1909f56bfc062723c751e8b465ee728b)
Start importing Assets/TiltBrush using Guid(3397bba603e604112b9164be79f52ce0) Importer(815301076,1909f56bfc062723c751e8b465ee728b)  -> (artifact id: '516aeb9916bceaf2fa84bd1d6c55ec0b') in 0.006266 seconds 
  Import took 0.010352 seconds .

========================================================================
Received Import Request.
  Time since last request: 5.558940 seconds.
  path: Assets/OilPaint 1.png
  artifactKey: Guid(42e59022df928a4499d9b9bfc811620b) Importer(815301076,1909f56bfc062723c751e8b465ee728b)
Start importing Assets/OilPaint 1.png using Guid(42e59022df928a4499d9b9bfc811620b) Importer(815301076,1909f56bfc062723c751e8b465ee728b)  -> (artifact id: '1883e0b7d640022c40f334855deeb59c') in 0.015661 seconds 
  Import took 0.019115 seconds .

========================================================================
Received Import Request.
  Time since last request: 36.276125 seconds.
  path: Assets/Ink 1.png
  artifactKey: Guid(dab8e357d5ea1804286253a3ba7b2380) Importer(815301076,1909f56bfc062723c751e8b465ee728b)
Start importing Assets/Ink 1.png using Guid(dab8e357d5ea1804286253a3ba7b2380) Importer(815301076,1909f56bfc062723c751e8b465ee728b)  -> (artifact id: '45614f0c059529615fc92d56e4786110') in 0.012295 seconds 
  Import took 0.015854 seconds .

========================================================================
Received Import Request.
  Time since last request: 10.914019 seconds.
  path: Assets/Untitled_5.fbx
  artifactKey: Guid(9902ba94b239552468fa9b91f07a6b1c) Importer(815301076,1909f56bfc062723c751e8b465ee728b)
Start importing Assets/Untitled_5.fbx using Guid(9902ba94b239552468fa9b91f07a6b1c) Importer(815301076,1909f56bfc062723c751e8b465ee728b)  -> (artifact id: 'd9e55d25d704628429308613c0b1308e') in 0.353807 seconds 
  Import took 0.357390 seconds .

========================================================================
Received Import Request.
  Time since last request: 259.919147 seconds.
  path: Assets/Untitled_6 1.fbx
  artifactKey: Guid(45b17765fd33c5a468d6ca2684657980) Importer(815301076,1909f56bfc062723c751e8b465ee728b)
Start importing Assets/Untitled_6 1.fbx using Guid(45b17765fd33c5a468d6ca2684657980) Importer(815301076,1909f56bfc062723c751e8b465ee728b)  -> (artifact id: '6de357768ede8711b37a75810427f048') in 0.124979 seconds 
  Import took 0.129628 seconds .

========================================================================
Received Import Request.
  Time since last request: 3.928345 seconds.
  path: Assets/Untitled_6 2.fbx
  artifactKey: Guid(2a6aac271c33cef4f8c819715d3f47cc) Importer(815301076,1909f56bfc062723c751e8b465ee728b)
Start importing Assets/Untitled_6 2.fbx using Guid(2a6aac271c33cef4f8c819715d3f47cc) Importer(815301076,1909f56bfc062723c751e8b465ee728b)  -> (artifact id: 'fd4b35f4f181e16006fbcfc71a1c1fb1') in 0.141090 seconds 
  Import took 0.145073 seconds .

========================================================================
Received Import Request.
  Time since last request: 18.130181 seconds.
  path: Assets/Untitled_6.fbx
  artifactKey: Guid(aba4f64ea2db01441b9019e73bde6b43) Importer(815301076,1909f56bfc062723c751e8b465ee728b)
Start importing Assets/Untitled_6.fbx using Guid(aba4f64ea2db01441b9019e73bde6b43) Importer(815301076,1909f56bfc062723c751e8b465ee728b)  -> (artifact id: 'e2c39dc674044653646ce751539f4433') in 0.108353 seconds 
  Import took 0.112645 seconds .

========================================================================
Received Import Request.
  Time since last request: 5.731417 seconds.
  path: Assets/Untitled_7.fbx
  artifactKey: Guid(d2ef675407ce7214fab5479a430bd9ae) Importer(815301076,1909f56bfc062723c751e8b465ee728b)
Start importing Assets/Untitled_7.fbx using Guid(d2ef675407ce7214fab5479a430bd9ae) Importer(815301076,1909f56bfc062723c751e8b465ee728b)  -> (artifact id: 'b7486e7cc9836d635af52e35482ecc52') in 0.078279 seconds 
  Import took 0.082280 seconds .

========================================================================
Received Import Request.
  Time since last request: 251.035634 seconds.
  path: Assets/Untitled_4.fbx
  artifactKey: Guid(b3816d8abb5b759439119febd544aa27) Importer(815301076,1909f56bfc062723c751e8b465ee728b)
Start importing Assets/Untitled_4.fbx using Guid(b3816d8abb5b759439119febd544aa27) Importer(815301076,1909f56bfc062723c751e8b465ee728b)  -> (artifact id: 'b658d0198bd3f1c64cf0ae9b7f74152a') in 0.387081 seconds 
  Import took 0.391537 seconds .

========================================================================
Received Import Request.
  Time since last request: 1631.094267 seconds.
  path: Assets/Snow.png
  artifactKey: Guid(166dddc3d06768d4891c5a3f7f2f315b) Importer(815301076,1909f56bfc062723c751e8b465ee728b)
Start importing Assets/Snow.png using Guid(166dddc3d06768d4891c5a3f7f2f315b) Importer(815301076,1909f56bfc062723c751e8b465ee728b)  -> (artifact id: '598c606532dec4993930a75f37e88e73') in 0.023705 seconds 
  Import took 0.028003 seconds .

========================================================================
Received Import Request.
  Time since last request: 5.025392 seconds.
  path: Assets/andre_1 2.fbx
  artifactKey: Guid(2a68d0c29cba0004a960384f4636d1f7) Importer(815301076,1909f56bfc062723c751e8b465ee728b)
Start importing Assets/andre_1 2.fbx using Guid(2a68d0c29cba0004a960384f4636d1f7) Importer(815301076,1909f56bfc062723c751e8b465ee728b)  -> (artifact id: 'eb8c70d6893676e7ff0af3f2d36cf9a2') in 0.078546 seconds 
  Import took 0.082254 seconds .

========================================================================
Received Prepare
Registering precompiled user dll's ...
Registered in 0.005625 seconds.
Begin MonoManager ReloadAssembly
Native extension for Lumin target not found
Native extension for LinuxStandalone target not found
Native extension for WindowsStandalone target not found
Native extension for OSXStandalone target not found
Native extension for WebGL target not found
Refreshing native plugins compatible for Editor in 0.74 ms, found 5 plugins.
Preloading 0 native plugins for Editor in 0.00 ms.
Mono: successfully reloaded assembly
- Completed reload, in  1.043 seconds
Domain Reload Profiling:
	ReloadAssembly (1043ms)
		BeginReloadAssembly (113ms)
			ExecutionOrderSort (0ms)
			DisableScriptedObjects (4ms)
			BackupInstance (0ms)
			ReleaseScriptingObjects (0ms)
			CreateAndSetChildDomain (45ms)
		EndReloadAssembly (868ms)
			LoadAssemblies (87ms)
			RebuildTransferFunctionScriptingTraits (0ms)
			SetupTypeCache (344ms)
			ReleaseScriptCaches (1ms)
			RebuildScriptCaches (39ms)
			SetupLoadedEditorAssemblies (305ms)
				LogAssemblyErrors (0ms)
				InitializePlatformSupportModulesInManaged (7ms)
				SetLoadedEditorAssemblies (0ms)
				RefreshPlugins (1ms)
				BeforeProcessingInitializeOnLoad (73ms)
				ProcessInitializeOnLoadAttributes (215ms)
				ProcessInitializeOnLoadMethodAttributes (3ms)
				AfterProcessingInitializeOnLoad (5ms)
				EditorAssembliesLoaded (0ms)
			ExecutionOrderSort2 (0ms)
			AwakeInstancesAfterBackupRestoration (6ms)
Platform modules already initialized, skipping
Refreshing native plugins compatible for Editor in 0.70 ms, found 5 plugins.
Preloading 0 native plugins for Editor in 0.00 ms.
Unloading 1795 Unused Serialized files (Serialized files now loaded: 0)
System memory in use before: 98.6 MB.
System memory in use after: 98.7 MB.

Unloading 19 unused Assets to reduce memory usage. Loaded Objects now: 2323.
Total: 3.459600 ms (FindLiveObjects: 0.287000 ms CreateObjectMapping: 0.071500 ms MarkObjects: 3.062200 ms  DeleteObjects: 0.037200 ms)

AssetImportParameters requested are different than current active one (requested -> active):
  custom:framework-win-MediaFoundation: 216162199b28c13a410421893ffa2e32 -> 
  custom:video-decoder-ogg-theora: a1e56fd34408186e4bbccfd4996cb3dc -> 
  custom:container-muxer-webm: aa71ff27fc2769a1b78a27578f13a17b -> 
  custom:container-demuxer-webm: 4f35f7cbe854078d1ac9338744f61a02 -> 
  custom:container-demuxer-ogg: 62fdf1f143b41e24485cea50d1cbac27 -> 
  custom:video-encoder-webm-vp8: eb34c28f22e8b96e1ab97ce403110664 -> 
  custom:video-decoder-webm-vp8: 9c59270c3fd7afecdb556c50c9e8de78 -> 
  custom:audio-decoder-ogg-vorbis: bf7c407c2cedff20999df2af8eb42d56 -> 
  custom:audio-encoder-webm-vorbis: bf7c407c2cedff20999df2af8eb42d56 -> 
========================================================================
Received Prepare
Registering precompiled user dll's ...
Registered in 0.005206 seconds.
Begin MonoManager ReloadAssembly
Native extension for Lumin target not found
Native extension for LinuxStandalone target not found
Native extension for WindowsStandalone target not found
Native extension for OSXStandalone target not found
Native extension for WebGL target not found
Refreshing native plugins compatible for Editor in 0.69 ms, found 5 plugins.
Preloading 0 native plugins for Editor in 0.00 ms.
Mono: successfully reloaded assembly
- Completed reload, in  1.002 seconds
Domain Reload Profiling:
	ReloadAssembly (1003ms)
		BeginReloadAssembly (108ms)
			ExecutionOrderSort (0ms)
			DisableScriptedObjects (4ms)
			BackupInstance (0ms)
			ReleaseScriptingObjects (0ms)
			CreateAndSetChildDomain (42ms)
		EndReloadAssembly (836ms)
			LoadAssemblies (84ms)
			RebuildTransferFunctionScriptingTraits (0ms)
			SetupTypeCache (298ms)
			ReleaseScriptCaches (1ms)
			RebuildScriptCaches (37ms)
			SetupLoadedEditorAssemblies (315ms)
				LogAssemblyErrors (0ms)
				InitializePlatformSupportModulesInManaged (8ms)
				SetLoadedEditorAssemblies (0ms)
				RefreshPlugins (1ms)
				BeforeProcessingInitializeOnLoad (76ms)
				ProcessInitializeOnLoadAttributes (221ms)
				ProcessInitializeOnLoadMethodAttributes (3ms)
				AfterProcessingInitializeOnLoad (5ms)
				EditorAssembliesLoaded (0ms)
			ExecutionOrderSort2 (0ms)
			AwakeInstancesAfterBackupRestoration (8ms)
Platform modules already initialized, skipping
Refreshing native plugins compatible for Editor in 0.80 ms, found 5 plugins.
Preloading 0 native plugins for Editor in 0.00 ms.
Unloading 1795 Unused Serialized files (Serialized files now loaded: 0)
System memory in use before: 98.6 MB.
System memory in use after: 98.7 MB.

Unloading 18 unused Assets to reduce memory usage. Loaded Objects now: 2326.
Total: 3.345300 ms (FindLiveObjects: 0.262500 ms CreateObjectMapping: 0.051900 ms MarkObjects: 3.000900 ms  DeleteObjects: 0.028500 ms)

AssetImportParameters requested are different than current active one (requested -> active):
  custom:framework-win-MediaFoundation: 216162199b28c13a410421893ffa2e32 -> 
  custom:video-decoder-ogg-theora: a1e56fd34408186e4bbccfd4996cb3dc -> 
  custom:container-muxer-webm: aa71ff27fc2769a1b78a27578f13a17b -> 
  custom:container-demuxer-webm: 4f35f7cbe854078d1ac9338744f61a02 -> 
  custom:container-demuxer-ogg: 62fdf1f143b41e24485cea50d1cbac27 -> 
  custom:video-encoder-webm-vp8: eb34c28f22e8b96e1ab97ce403110664 -> 
  custom:video-decoder-webm-vp8: 9c59270c3fd7afecdb556c50c9e8de78 -> 
  custom:audio-decoder-ogg-vorbis: bf7c407c2cedff20999df2af8eb42d56 -> 
  custom:audio-encoder-webm-vorbis: bf7c407c2cedff20999df2af8eb42d56 -> 
========================================================================
Received Import Request.
  Time since last request: 1237.047579 seconds.
  path: Assets/SteamVR
  artifactKey: Guid(d5ae1f1f8c7348a4c9370da0bfa18136) Importer(815301076,1909f56bfc062723c751e8b465ee728b)
Start importing Assets/SteamVR using Guid(d5ae1f1f8c7348a4c9370da0bfa18136) Importer(815301076,1909f56bfc062723c751e8b465ee728b)  -> (artifact id: '85a8eb09386687705c6acc90e24a4b56') in 0.011515 seconds 
  Import took 0.015911 seconds .

========================================================================
Received Import Request.
  Time since last request: 35.454237 seconds.
  path: Assets/Untitled_2.fbx
  artifactKey: Guid(df5aa2aac37009b4583bd1b0993d3cac) Importer(815301076,1909f56bfc062723c751e8b465ee728b)
Start importing Assets/Untitled_2.fbx using Guid(df5aa2aac37009b4583bd1b0993d3cac) Importer(815301076,1909f56bfc062723c751e8b465ee728b)  -> (artifact id: '95dbbe678ac90853d7dceef517ce72fc') in 0.255145 seconds 
  Import took 0.258988 seconds .

========================================================================
Received Prepare
Registering precompiled user dll's ...
Registered in 0.005056 seconds.
Begin MonoManager ReloadAssembly
Native extension for Lumin target not found
Native extension for LinuxStandalone target not found
Native extension for WindowsStandalone target not found
Native extension for OSXStandalone target not found
Native extension for WebGL target not found
Refreshing native plugins compatible for Editor in 0.66 ms, found 5 plugins.
Preloading 0 native plugins for Editor in 0.00 ms.
Mono: successfully reloaded assembly
- Completed reload, in  0.932 seconds
Domain Reload Profiling:
	ReloadAssembly (932ms)
		BeginReloadAssembly (101ms)
			ExecutionOrderSort (0ms)
			DisableScriptedObjects (3ms)
			BackupInstance (0ms)
			ReleaseScriptingObjects (0ms)
			CreateAndSetChildDomain (40ms)
		EndReloadAssembly (776ms)
			LoadAssemblies (80ms)
			RebuildTransferFunctionScriptingTraits (0ms)
			SetupTypeCache (275ms)
			ReleaseScriptCaches (1ms)
			RebuildScriptCaches (36ms)
			SetupLoadedEditorAssemblies (292ms)
				LogAssemblyErrors (0ms)
				InitializePlatformSupportModulesInManaged (7ms)
				SetLoadedEditorAssemblies (0ms)
				RefreshPlugins (1ms)
				BeforeProcessingInitializeOnLoad (71ms)
				ProcessInitializeOnLoadAttributes (205ms)
				ProcessInitializeOnLoadMethodAttributes (3ms)
				AfterProcessingInitializeOnLoad (5ms)
				EditorAssembliesLoaded (0ms)
			ExecutionOrderSort2 (0ms)
			AwakeInstancesAfterBackupRestoration (6ms)
Platform modules already initialized, skipping
Refreshing native plugins compatible for Editor in 0.64 ms, found 5 plugins.
Preloading 0 native plugins for Editor in 0.00 ms.
Unloading 1795 Unused Serialized files (Serialized files now loaded: 0)
System memory in use before: 98.7 MB.
System memory in use after: 98.8 MB.

Unloading 18 unused Assets to reduce memory usage. Loaded Objects now: 2330.
Total: 3.277900 ms (FindLiveObjects: 0.239100 ms CreateObjectMapping: 0.054600 ms MarkObjects: 2.962700 ms  DeleteObjects: 0.020300 ms)

AssetImportParameters requested are different than current active one (requested -> active):
  custom:framework-win-MediaFoundation: 216162199b28c13a410421893ffa2e32 -> 
  custom:video-decoder-ogg-theora: a1e56fd34408186e4bbccfd4996cb3dc -> 
  custom:container-muxer-webm: aa71ff27fc2769a1b78a27578f13a17b -> 
  custom:container-demuxer-webm: 4f35f7cbe854078d1ac9338744f61a02 -> 
  custom:container-demuxer-ogg: 62fdf1f143b41e24485cea50d1cbac27 -> 
  custom:video-encoder-webm-vp8: eb34c28f22e8b96e1ab97ce403110664 -> 
  custom:video-decoder-webm-vp8: 9c59270c3fd7afecdb556c50c9e8de78 -> 
  custom:audio-decoder-ogg-vorbis: bf7c407c2cedff20999df2af8eb42d56 -> 
  custom:audio-encoder-webm-vorbis: bf7c407c2cedff20999df2af8eb42d56 -> 
========================================================================
Received Import Request.
  Time since last request: 924.387972 seconds.
  path: Assets/Untitled_13.fbx
  artifactKey: Guid(f3581843dee4c6942ac87c5cd248d1c9) Importer(815301076,1909f56bfc062723c751e8b465ee728b)
Start importing Assets/Untitled_13.fbx using Guid(f3581843dee4c6942ac87c5cd248d1c9) Importer(815301076,1909f56bfc062723c751e8b465ee728b)  -> (artifact id: '0504c5e9cfd0fcadc10a8c087d3a69d9') in 0.593597 seconds 
  Import took 0.599631 seconds .

========================================================================
Received Import Request.
  Time since last request: 5.407950 seconds.
  path: Assets/jamal.fbx
  artifactKey: Guid(f3581843dee4c6942ac87c5cd248d1c9) Importer(815301076,1909f56bfc062723c751e8b465ee728b)
Start importing Assets/jamal.fbx using Guid(f3581843dee4c6942ac87c5cd248d1c9) Importer(815301076,1909f56bfc062723c751e8b465ee728b)  -> (artifact id: 'ec5b70cefd3cf1331317502259ec6dca') in 0.186041 seconds 
  Import took 0.191248 seconds .

========================================================================
Received Import Request.
  Time since last request: 112.625444 seconds.
  path: Assets/mara___maya.fbx
  artifactKey: Guid(1ef9f7a6922aa3746b6d646e20d4c104) Importer(815301076,1909f56bfc062723c751e8b465ee728b)
Start importing Assets/mara___maya.fbx using Guid(1ef9f7a6922aa3746b6d646e20d4c104) Importer(815301076,1909f56bfc062723c751e8b465ee728b)  -> (artifact id: '8351ddf85f054839b3cd6ee363c257e2') in 0.302934 seconds 
  Import took 0.307091 seconds .

========================================================================
Received Import Request.
  Time since last request: 123.993405 seconds.
  path: Assets/amber.fbx
  artifactKey: Guid(ebd627a1e6fcc8945950a8e637566d8b) Importer(815301076,1909f56bfc062723c751e8b465ee728b)
Start importing Assets/amber.fbx using Guid(ebd627a1e6fcc8945950a8e637566d8b) Importer(815301076,1909f56bfc062723c751e8b465ee728b)  -> (artifact id: '30dc92810617c47843edcd8164836f6a') in 0.498727 seconds 
  Import took 0.502579 seconds .

========================================================================
Received Prepare
Refreshing native plugins compatible for Editor in 3.68 ms, found 5 plugins.
Preloading 0 native plugins for Editor in 0.00 ms.
Unloading 15 Unused Serialized files (Serialized files now loaded: 0)
System memory in use before: 63.3 MB.
System memory in use after: 63.4 MB.

Unloading 16 unused Assets to reduce memory usage. Loaded Objects now: 2331.
Total: 4.519500 ms (FindLiveObjects: 0.290000 ms CreateObjectMapping: 0.053500 ms MarkObjects: 4.151400 ms  DeleteObjects: 0.023400 ms)

AssetImportParameters requested are different than current active one (requested -> active):
  custom:framework-win-MediaFoundation: 216162199b28c13a410421893ffa2e32 -> 
  custom:video-decoder-ogg-theora: a1e56fd34408186e4bbccfd4996cb3dc -> 
  custom:container-muxer-webm: aa71ff27fc2769a1b78a27578f13a17b -> 
  custom:container-demuxer-webm: 4f35f7cbe854078d1ac9338744f61a02 -> 
  custom:container-demuxer-ogg: 62fdf1f143b41e24485cea50d1cbac27 -> 
  custom:video-encoder-webm-vp8: eb34c28f22e8b96e1ab97ce403110664 -> 
  custom:video-decoder-webm-vp8: 9c59270c3fd7afecdb556c50c9e8de78 -> 
  custom:audio-decoder-ogg-vorbis: bf7c407c2cedff20999df2af8eb42d56 -> 
  custom:audio-encoder-webm-vorbis: bf7c407c2cedff20999df2af8eb42d56 -> 
========================================================================
Received Import Request.
  Time since last request: 932.398605 seconds.
  path: Assets/SteamVR_Resources
  artifactKey: Guid(1ca81a1bdadc0494e8ef1fc23a63e705) Importer(815301076,1909f56bfc062723c751e8b465ee728b)
Start importing Assets/SteamVR_Resources using Guid(1ca81a1bdadc0494e8ef1fc23a63e705) Importer(815301076,1909f56bfc062723c751e8b465ee728b)  -> (artifact id: 'd6c3c84b65dda9933d6c8045c9b13bd4') in 0.006739 seconds 
  Import took 0.011371 seconds .

========================================================================
Received Import Request.
  Time since last request: 0.000260 seconds.
  path: Assets/SteamVR_Resources
  artifactKey: Guid(1ca81a1bdadc0494e8ef1fc23a63e705) Importer(815301076,1909f56bfc062723c751e8b465ee728b)
Start importing Assets/SteamVR_Resources using Guid(1ca81a1bdadc0494e8ef1fc23a63e705) Importer(815301076,1909f56bfc062723c751e8b465ee728b)  -> (artifact id: 'd6c3c84b65dda9933d6c8045c9b13bd4') in 0.002174 seconds 
  Import took 0.005702 seconds .

========================================================================
Received Prepare
Registering precompiled user dll's ...
Registered in 0.005319 seconds.
Begin MonoManager ReloadAssembly
Native extension for Lumin target not found
Native extension for LinuxStandalone target not found
Native extension for WindowsStandalone target not found
Native extension for OSXStandalone target not found
Native extension for WebGL target not found
Refreshing native plugins compatible for Editor in 0.78 ms, found 5 plugins.
Preloading 0 native plugins for Editor in 0.00 ms.
Mono: successfully reloaded assembly
- Completed reload, in  0.995 seconds
Domain Reload Profiling:
	ReloadAssembly (995ms)
		BeginReloadAssembly (114ms)
			ExecutionOrderSort (0ms)
			DisableScriptedObjects (5ms)
			BackupInstance (0ms)
			ReleaseScriptingObjects (0ms)
			CreateAndSetChildDomain (44ms)
		EndReloadAssembly (820ms)
			LoadAssemblies (89ms)
			RebuildTransferFunctionScriptingTraits (0ms)
			SetupTypeCache (303ms)
			ReleaseScriptCaches (1ms)
			RebuildScriptCaches (38ms)
			SetupLoadedEditorAssemblies (300ms)
				LogAssemblyErrors (0ms)
				InitializePlatformSupportModulesInManaged (7ms)
				SetLoadedEditorAssemblies (0ms)
				RefreshPlugins (1ms)
				BeforeProcessingInitializeOnLoad (73ms)
				ProcessInitializeOnLoadAttributes (210ms)
				ProcessInitializeOnLoadMethodAttributes (3ms)
				AfterProcessingInitializeOnLoad (5ms)
				EditorAssembliesLoaded (0ms)
			ExecutionOrderSort2 (0ms)
			AwakeInstancesAfterBackupRestoration (6ms)
Platform modules already initialized, skipping
Refreshing native plugins compatible for Editor in 0.74 ms, found 5 plugins.
Preloading 0 native plugins for Editor in 0.00 ms.
Unloading 1795 Unused Serialized files (Serialized files now loaded: 0)
System memory in use before: 99.3 MB.
System memory in use after: 99.5 MB.

Unloading 18 unused Assets to reduce memory usage. Loaded Objects now: 2334.
Total: 3.274300 ms (FindLiveObjects: 0.239900 ms CreateObjectMapping: 0.053700 ms MarkObjects: 2.958600 ms  DeleteObjects: 0.021000 ms)

AssetImportParameters requested are different than current active one (requested -> active):
  custom:framework-win-MediaFoundation: 216162199b28c13a410421893ffa2e32 -> 
  custom:video-decoder-ogg-theora: a1e56fd34408186e4bbccfd4996cb3dc -> 
  custom:container-muxer-webm: aa71ff27fc2769a1b78a27578f13a17b -> 
  custom:container-demuxer-webm: 4f35f7cbe854078d1ac9338744f61a02 -> 
  custom:container-demuxer-ogg: 62fdf1f143b41e24485cea50d1cbac27 -> 
  custom:video-encoder-webm-vp8: eb34c28f22e8b96e1ab97ce403110664 -> 
  custom:video-decoder-webm-vp8: 9c59270c3fd7afecdb556c50c9e8de78 -> 
  custom:audio-decoder-ogg-vorbis: bf7c407c2cedff20999df2af8eb42d56 -> 
  custom:audio-encoder-webm-vorbis: bf7c407c2cedff20999df2af8eb42d56 -> 
========================================================================
Received Prepare
Refreshing native plugins compatible for Editor in 4.04 ms, found 5 plugins.
Preloading 0 native plugins for Editor in 0.00 ms.
Unloading 15 Unused Serialized files (Serialized files now loaded: 0)
System memory in use before: 63.5 MB.
System memory in use after: 63.7 MB.

Unloading 15 unused Assets to reduce memory usage. Loaded Objects now: 2334.
Total: 3.559400 ms (FindLiveObjects: 0.260100 ms CreateObjectMapping: 0.044700 ms MarkObjects: 3.237200 ms  DeleteObjects: 0.016800 ms)

AssetImportParameters requested are different than current active one (requested -> active):
  custom:framework-win-MediaFoundation: 216162199b28c13a410421893ffa2e32 -> 
  custom:video-decoder-ogg-theora: a1e56fd34408186e4bbccfd4996cb3dc -> 
  custom:container-muxer-webm: aa71ff27fc2769a1b78a27578f13a17b -> 
  custom:container-demuxer-webm: 4f35f7cbe854078d1ac9338744f61a02 -> 
  custom:container-demuxer-ogg: 62fdf1f143b41e24485cea50d1cbac27 -> 
  custom:video-encoder-webm-vp8: eb34c28f22e8b96e1ab97ce403110664 -> 
  custom:video-decoder-webm-vp8: 9c59270c3fd7afecdb556c50c9e8de78 -> 
  custom:audio-decoder-ogg-vorbis: bf7c407c2cedff20999df2af8eb42d56 -> 
  custom:audio-encoder-webm-vorbis: bf7c407c2cedff20999df2af8eb42d56 -> 
========================================================================
Received Prepare
Refreshing native plugins compatible for Editor in 3.71 ms, found 5 plugins.
Preloading 0 native plugins for Editor in 0.00 ms.
Unloading 15 Unused Serialized files (Serialized files now loaded: 0)
System memory in use before: 63.5 MB.
System memory in use after: 63.7 MB.

Unloading 15 unused Assets to reduce memory usage. Loaded Objects now: 2334.
Total: 4.642600 ms (FindLiveObjects: 0.316200 ms CreateObjectMapping: 0.116600 ms MarkObjects: 4.188500 ms  DeleteObjects: 0.020100 ms)

AssetImportParameters requested are different than current active one (requested -> active):
  custom:framework-win-MediaFoundation: 216162199b28c13a410421893ffa2e32 -> 
  custom:video-decoder-ogg-theora: a1e56fd34408186e4bbccfd4996cb3dc -> 
  custom:container-muxer-webm: aa71ff27fc2769a1b78a27578f13a17b -> 
  custom:container-demuxer-webm: 4f35f7cbe854078d1ac9338744f61a02 -> 
  custom:container-demuxer-ogg: 62fdf1f143b41e24485cea50d1cbac27 -> 
  custom:video-encoder-webm-vp8: eb34c28f22e8b96e1ab97ce403110664 -> 
  custom:video-decoder-webm-vp8: 9c59270c3fd7afecdb556c50c9e8de78 -> 
  custom:audio-decoder-ogg-vorbis: bf7c407c2cedff20999df2af8eb42d56 -> 
  custom:audio-encoder-webm-vorbis: bf7c407c2cedff20999df2af8eb42d56 -> 
========================================================================
Received Prepare
Registering precompiled user dll's ...
Registered in 0.005673 seconds.
Begin MonoManager ReloadAssembly
Native extension for Lumin target not found
Native extension for LinuxStandalone target not found
Native extension for WindowsStandalone target not found
Native extension for OSXStandalone target not found
Native extension for WebGL target not found
Refreshing native plugins compatible for Editor in 0.67 ms, found 5 plugins.
Preloading 0 native plugins for Editor in 0.00 ms.
Mono: successfully reloaded assembly
- Completed reload, in  1.004 seconds
Domain Reload Profiling:
	ReloadAssembly (1004ms)
		BeginReloadAssembly (101ms)
			ExecutionOrderSort (0ms)
			DisableScriptedObjects (4ms)
			BackupInstance (0ms)
			ReleaseScriptingObjects (0ms)
			CreateAndSetChildDomain (37ms)
		EndReloadAssembly (841ms)
			LoadAssemblies (83ms)
			RebuildTransferFunctionScriptingTraits (0ms)
			SetupTypeCache (312ms)
			ReleaseScriptCaches (1ms)
			RebuildScriptCaches (41ms)
			SetupLoadedEditorAssemblies (306ms)
				LogAssemblyErrors (0ms)
				InitializePlatformSupportModulesInManaged (8ms)
				SetLoadedEditorAssemblies (0ms)
				RefreshPlugins (1ms)
				BeforeProcessingInitializeOnLoad (75ms)
				ProcessInitializeOnLoadAttributes (214ms)
				ProcessInitializeOnLoadMethodAttributes (3ms)
				AfterProcessingInitializeOnLoad (5ms)
				EditorAssembliesLoaded (0ms)
			ExecutionOrderSort2 (0ms)
			AwakeInstancesAfterBackupRestoration (6ms)
Platform modules already initialized, skipping
Refreshing native plugins compatible for Editor in 0.66 ms, found 5 plugins.
Preloading 0 native plugins for Editor in 0.00 ms.
Unloading 1795 Unused Serialized files (Serialized files now loaded: 0)
System memory in use before: 99.3 MB.
System memory in use after: 99.5 MB.

Unloading 18 unused Assets to reduce memory usage. Loaded Objects now: 2337.
Total: 3.789800 ms (FindLiveObjects: 0.243700 ms CreateObjectMapping: 0.045000 ms MarkObjects: 3.475600 ms  DeleteObjects: 0.024500 ms)

AssetImportParameters requested are different than current active one (requested -> active):
  custom:framework-win-MediaFoundation: 216162199b28c13a410421893ffa2e32 -> 
  custom:video-decoder-ogg-theora: a1e56fd34408186e4bbccfd4996cb3dc -> 
  custom:container-muxer-webm: aa71ff27fc2769a1b78a27578f13a17b -> 
  custom:container-demuxer-webm: 4f35f7cbe854078d1ac9338744f61a02 -> 
  custom:container-demuxer-ogg: 62fdf1f143b41e24485cea50d1cbac27 -> 
  custom:video-encoder-webm-vp8: eb34c28f22e8b96e1ab97ce403110664 -> 
  custom:video-decoder-webm-vp8: 9c59270c3fd7afecdb556c50c9e8de78 -> 
  custom:audio-decoder-ogg-vorbis: bf7c407c2cedff20999df2af8eb42d56 -> 
  custom:audio-encoder-webm-vorbis: bf7c407c2cedff20999df2af8eb42d56 -> 
========================================================================
Received Prepare
Registering precompiled user dll's ...
Registered in 0.198815 seconds.
Begin MonoManager ReloadAssembly
Native extension for Lumin target not found
Native extension for LinuxStandalone target not found
Native extension for WindowsStandalone target not found
Native extension for OSXStandalone target not found
Native extension for WebGL target not found
Refreshing native plugins compatible for Editor in 0.70 ms, found 5 plugins.
Preloading 0 native plugins for Editor in 0.00 ms.
Mono: successfully reloaded assembly
- Completed reload, in  1.075 seconds
Domain Reload Profiling:
	ReloadAssembly (1075ms)
		BeginReloadAssembly (97ms)
			ExecutionOrderSort (0ms)
			DisableScriptedObjects (4ms)
			BackupInstance (0ms)
			ReleaseScriptingObjects (0ms)
			CreateAndSetChildDomain (35ms)
		EndReloadAssembly (921ms)
			LoadAssemblies (77ms)
			RebuildTransferFunctionScriptingTraits (0ms)
			SetupTypeCache (339ms)
			ReleaseScriptCaches (1ms)
			RebuildScriptCaches (35ms)
			SetupLoadedEditorAssemblies (379ms)
				LogAssemblyErrors (0ms)
				InitializePlatformSupportModulesInManaged (7ms)
				SetLoadedEditorAssemblies (1ms)
				RefreshPlugins (1ms)
				BeforeProcessingInitializeOnLoad (70ms)
				ProcessInitializeOnLoadAttributes (292ms)
				ProcessInitializeOnLoadMethodAttributes (3ms)
				AfterProcessingInitializeOnLoad (5ms)
				EditorAssembliesLoaded (0ms)
			ExecutionOrderSort2 (0ms)
			AwakeInstancesAfterBackupRestoration (6ms)
Platform modules already initialized, skipping
Refreshing native plugins compatible for Editor in 0.66 ms, found 5 plugins.
Preloading 0 native plugins for Editor in 0.00 ms.
Unloading 1795 Unused Serialized files (Serialized files now loaded: 0)
System memory in use before: 99.4 MB.
System memory in use after: 99.5 MB.

Unloading 18 unused Assets to reduce memory usage. Loaded Objects now: 2340.
Total: 3.371500 ms (FindLiveObjects: 0.249400 ms CreateObjectMapping: 0.056900 ms MarkObjects: 3.036400 ms  DeleteObjects: 0.027600 ms)

AssetImportParameters requested are different than current active one (requested -> active):
  custom:framework-win-MediaFoundation: 216162199b28c13a410421893ffa2e32 -> 
  custom:video-decoder-ogg-theora: a1e56fd34408186e4bbccfd4996cb3dc -> 
  custom:container-muxer-webm: aa71ff27fc2769a1b78a27578f13a17b -> 
  custom:container-demuxer-webm: 4f35f7cbe854078d1ac9338744f61a02 -> 
  custom:container-demuxer-ogg: 62fdf1f143b41e24485cea50d1cbac27 -> 
  custom:video-encoder-webm-vp8: eb34c28f22e8b96e1ab97ce403110664 -> 
  custom:video-decoder-webm-vp8: 9c59270c3fd7afecdb556c50c9e8de78 -> 
  custom:audio-decoder-ogg-vorbis: bf7c407c2cedff20999df2af8eb42d56 -> 
  custom:audio-encoder-webm-vorbis: bf7c407c2cedff20999df2af8eb42d56 -> 
